# Logfile created on 2014-05-01 15:15:43 +0530 by logger.rb/44203
I, [2014-05-01T15:15:43.558892 #5374]  INFO -- : 0:  rake (10.3.1) from /home/k2l/.rvm/gems/ruby-2.1.0/specifications/rake-10.3.1.gemspec
I, [2014-05-01T15:15:43.559435 #5374]  INFO -- : 0:  i18n (0.6.9) from /home/k2l/.rvm/gems/ruby-2.1.0/specifications/i18n-0.6.9.gemspec
I, [2014-05-01T15:15:43.920253 #5374]  INFO -- : 0:  minitest (4.7.5) from /home/k2l/.rvm/gems/ruby-2.1.0/specifications/minitest-4.7.5.gemspec
I, [2014-05-01T15:15:43.921562 #5374]  INFO -- : 0:  multi_json (1.9.3) from /home/k2l/.rvm/gems/ruby-2.1.0/specifications/multi_json-1.9.3.gemspec
I, [2014-05-01T15:15:43.922522 #5374]  INFO -- : 0:  thread_safe (0.3.3) from /home/k2l/.rvm/gems/ruby-2.1.0/specifications/thread_safe-0.3.3.gemspec
I, [2014-05-01T15:15:43.923526 #5374]  INFO -- : 0:  tzinfo (0.3.39) from /home/k2l/.rvm/gems/ruby-2.1.0/specifications/tzinfo-0.3.39.gemspec
I, [2014-05-01T15:15:51.415739 #5374]  INFO -- : 0:  activesupport (4.0.4) from /home/k2l/.rvm/gems/ruby-2.1.0/specifications/activesupport-4.0.4.gemspec
I, [2014-05-01T15:15:51.416940 #5374]  INFO -- : 0:  builder (3.1.4) from /home/k2l/.rvm/gems/ruby-2.1.0/specifications/builder-3.1.4.gemspec
I, [2014-05-01T15:15:51.417920 #5374]  INFO -- : 0:  erubis (2.7.0) from /home/k2l/.rvm/gems/ruby-2.1.0/specifications/erubis-2.7.0.gemspec
I, [2014-05-01T15:15:51.418890 #5374]  INFO -- : 0:  rack (1.5.2) from /home/k2l/.rvm/gems/ruby-2.1.0/specifications/rack-1.5.2.gemspec
I, [2014-05-01T15:15:51.419519 #5374]  INFO -- : 0:  rack-test (0.6.2) from /home/k2l/.rvm/gems/ruby-2.1.0/specifications/rack-test-0.6.2.gemspec
I, [2014-05-01T15:16:03.638592 #5374]  INFO -- : 0:  actionpack (4.0.4) from /home/k2l/.rvm/gems/ruby-2.1.0/specifications/actionpack-4.0.4.gemspec
I, [2014-05-01T15:16:03.639092 #5374]  INFO -- : 0:  mime-types (1.25.1) from /home/k2l/.rvm/gems/ruby-2.1.0/specifications/mime-types-1.25.1.gemspec
I, [2014-05-01T15:16:03.639482 #5374]  INFO -- : 0:  polyglot (0.3.4) from /home/k2l/.rvm/gems/ruby-2.1.0/specifications/polyglot-0.3.4.gemspec
I, [2014-05-01T15:16:03.639842 #5374]  INFO -- : 0:  treetop (1.4.15) from /home/k2l/.rvm/gems/ruby-2.1.0/specifications/treetop-1.4.15.gemspec
I, [2014-05-01T15:16:03.640198 #5374]  INFO -- : 0:  mail (2.5.4) from /home/k2l/.rvm/gems/ruby-2.1.0/specifications/mail-2.5.4.gemspec
I, [2014-05-01T15:16:05.575349 #5374]  INFO -- : 0:  actionmailer (4.0.4) from /home/k2l/.rvm/gems/ruby-2.1.0/specifications/actionmailer-4.0.4.gemspec
I, [2014-05-01T15:16:07.845519 #5374]  INFO -- : 0:  activemodel (4.0.4) from /home/k2l/.rvm/gems/ruby-2.1.0/specifications/activemodel-4.0.4.gemspec
I, [2014-05-01T15:16:07.846554 #5374]  INFO -- : 0:  activerecord-deprecated_finders (1.0.3) from /home/k2l/.rvm/gems/ruby-2.1.0/specifications/activerecord-deprecated_finders-1.0.3.gemspec
I, [2014-05-01T15:16:07.847377 #5374]  INFO -- : 0:  arel (4.0.2) from /home/k2l/.rvm/gems/ruby-2.1.0/specifications/arel-4.0.2.gemspec
I, [2014-05-01T15:16:14.728094 #5374]  INFO -- : 0:  activerecord (4.0.4) from /home/k2l/.rvm/gems/ruby-2.1.0/specifications/activerecord-4.0.4.gemspec
I, [2014-05-01T15:16:14.729277 #5374]  INFO -- : 0:  addressable (2.3.6) from /home/k2l/.rvm/gems/ruby-2.1.0/specifications/addressable-2.3.6.gemspec
I, [2014-05-01T15:16:14.730259 #5374]  INFO -- : 0:  bson (1.10.0) from /home/k2l/.rvm/gems/ruby-2.1.0/specifications/bson-1.10.0.gemspec
I, [2014-05-01T15:16:14.731297 #5374]  INFO -- : 0:  bson_ext (1.10.0) from /home/k2l/.rvm/gems/ruby-2.1.0/specifications/bson_ext-1.10.0.gemspec
I, [2014-05-01T15:16:14.732245 #5374]  INFO -- : 0:  buftok (0.2.0) from /home/k2l/.rvm/gems/ruby-2.1.0/specifications/buftok-0.2.0.gemspec
I, [2014-05-01T15:16:16.496276 #5374]  INFO -- : 0:  columnize (0.3.6) from /home/k2l/.rvm/gems/ruby-2.1.0/specifications/columnize-0.3.6.gemspec
I, [2014-05-01T15:16:18.302025 #5374]  INFO -- : 0:  debugger-linecache (1.2.0) from /home/k2l/.rvm/gems/ruby-2.1.0/specifications/debugger-linecache-1.2.0.gemspec
I, [2014-05-01T15:16:25.010870 #5374]  INFO -- : 0:  byebug (2.7.0) from /home/k2l/.rvm/gems/ruby-2.1.0/specifications/byebug-2.7.0.gemspec
I, [2014-05-01T15:16:25.012320 #5374]  INFO -- : 0:  coffee-script-source (1.7.0) from /home/k2l/.rvm/gems/ruby-2.1.0/specifications/coffee-script-source-1.7.0.gemspec
I, [2014-05-01T15:16:25.013368 #5374]  INFO -- : 0:  execjs (2.0.2) from /home/k2l/.rvm/gems/ruby-2.1.0/specifications/execjs-2.0.2.gemspec
I, [2014-05-01T15:16:25.014359 #5374]  INFO -- : 0:  coffee-script (2.2.0) from /home/k2l/.rvm/gems/ruby-2.1.0/specifications/coffee-script-2.2.0.gemspec
I, [2014-05-01T15:16:25.015380 #5374]  INFO -- : 0:  thor (0.19.1) from /home/k2l/.rvm/gems/ruby-2.1.0/specifications/thor-0.19.1.gemspec
I, [2014-05-01T15:16:28.791049 #5374]  INFO -- : 0:  railties (4.0.4) from /home/k2l/.rvm/gems/ruby-2.1.0/specifications/railties-4.0.4.gemspec
I, [2014-05-01T15:16:28.792135 #5374]  INFO -- : 0:  coffee-rails (4.0.1) from /home/k2l/.rvm/gems/ruby-2.1.0/specifications/coffee-rails-4.0.1.gemspec
I, [2014-05-01T15:16:28.793043 #5374]  INFO -- : 0:  equalizer (0.0.9) from /home/k2l/.rvm/gems/ruby-2.1.0/specifications/equalizer-0.0.9.gemspec
I, [2014-05-01T15:16:28.793970 #5374]  INFO -- : 0:  multipart-post (2.0.0) from /home/k2l/.rvm/gems/ruby-2.1.0/specifications/multipart-post-2.0.0.gemspec
I, [2014-05-01T15:16:28.794881 #5374]  INFO -- : 0:  faraday (0.9.0) from /home/k2l/.rvm/gems/ruby-2.1.0/specifications/faraday-0.9.0.gemspec
I, [2014-05-01T15:16:28.795817 #5374]  INFO -- : 0:  hike (1.2.3) from /home/k2l/.rvm/gems/ruby-2.1.0/specifications/hike-1.2.3.gemspec
I, [2014-05-01T15:16:28.796724 #5374]  INFO -- : 0:  http_parser.rb (0.6.0) from /home/k2l/.rvm/gems/ruby-2.1.0/specifications/http_parser.rb-0.6.0.gemspec
I, [2014-05-01T15:16:28.797611 #5374]  INFO -- : 0:  http (0.5.0) from /home/k2l/.rvm/gems/ruby-2.1.0/specifications/http-0.5.0.gemspec
I, [2014-05-01T15:16:28.798487 #5374]  INFO -- : 0:  jbuilder (1.5.3) from /home/k2l/.rvm/gems/ruby-2.1.0/specifications/jbuilder-1.5.3.gemspec
I, [2014-05-01T15:16:28.799326 #5374]  INFO -- : 0:  jquery-rails (3.1.0) from /home/k2l/.rvm/gems/ruby-2.1.0/specifications/jquery-rails-3.1.0.gemspec
I, [2014-05-01T15:16:30.326842 #5374]  INFO -- : 0:  json (1.8.1) from /home/k2l/.rvm/gems/ruby-2.1.0/specifications/json-1.8.1.gemspec
I, [2014-05-01T15:16:30.327743 #5374]  INFO -- : 0:  memoizable (0.4.2) from /home/k2l/.rvm/gems/ruby-2.1.0/specifications/memoizable-0.4.2.gemspec
I, [2014-05-01T15:16:30.328380 #5374]  INFO -- : 0:  mongo (1.10.0) from /home/k2l/.rvm/gems/ruby-2.1.0/specifications/mongo-1.10.0.gemspec
I, [2014-05-01T15:16:30.329297 #5374]  INFO -- : 0:  plucky (0.6.6) from /home/k2l/.rvm/gems/ruby-2.1.0/specifications/plucky-0.6.6.gemspec
I, [2014-05-01T15:16:30.565127 #5374]  INFO -- : 0:  mongo_mapper (0.13.0.beta2) from /home/k2l/.rvm/gems/ruby-2.1.0/bundler/gems/mongomapper-9b87dee50780/mongo_mapper.gemspec
I, [2014-05-01T15:16:30.566203 #5374]  INFO -- : 0:  naught (1.0.0) from /home/k2l/.rvm/gems/ruby-2.1.0/specifications/naught-1.0.0.gemspec
I, [2014-05-01T15:16:30.567084 #5374]  INFO -- : 0:  bundler (1.5.0) from /home/k2l/.rvm/gems/ruby-2.1.0@global/specifications/bundler-1.5.0.gemspec
I, [2014-05-01T15:16:30.567996 #5374]  INFO -- : 0:  tilt (1.4.1) from /home/k2l/.rvm/gems/ruby-2.1.0/specifications/tilt-1.4.1.gemspec
I, [2014-05-01T15:16:30.568925 #5374]  INFO -- : 0:  sprockets (2.11.0) from /home/k2l/.rvm/gems/ruby-2.1.0/specifications/sprockets-2.11.0.gemspec
I, [2014-05-01T15:16:30.569816 #5374]  INFO -- : 0:  sprockets-rails (2.0.1) from /home/k2l/.rvm/gems/ruby-2.1.0/specifications/sprockets-rails-2.0.1.gemspec
I, [2014-05-01T15:16:57.535155 #5374]  INFO -- : 0:  rails (4.0.4) from /home/k2l/.rvm/gems/ruby-2.1.0/specifications/rails-4.0.4.gemspec
I, [2014-05-01T15:16:57.536256 #5374]  INFO -- : 0:  rdoc (4.1.1) from /home/k2l/.rvm/gems/ruby-2.1.0/specifications/rdoc-4.1.1.gemspec
I, [2014-05-01T15:16:57.537149 #5374]  INFO -- : 0:  sass (3.2.19) from /home/k2l/.rvm/gems/ruby-2.1.0/specifications/sass-3.2.19.gemspec
I, [2014-05-01T15:16:57.538040 #5374]  INFO -- : 0:  sass-rails (4.0.3) from /home/k2l/.rvm/gems/ruby-2.1.0/specifications/sass-rails-4.0.3.gemspec
I, [2014-05-01T15:16:57.538943 #5374]  INFO -- : 0:  sdoc (0.4.0) from /home/k2l/.rvm/gems/ruby-2.1.0/specifications/sdoc-0.4.0.gemspec
I, [2014-05-01T15:16:57.539523 #5374]  INFO -- : 0:  simple_oauth (0.2.0) from /home/k2l/.rvm/gems/ruby-2.1.0/specifications/simple_oauth-0.2.0.gemspec
I, [2014-05-01T15:16:57.539893 #5374]  INFO -- : 0:  turbolinks (2.2.2) from /home/k2l/.rvm/gems/ruby-2.1.0/specifications/turbolinks-2.2.2.gemspec
I, [2014-05-01T15:16:57.540261 #5374]  INFO -- : 0:  twitter (5.8.0) from /home/k2l/.rvm/gems/ruby-2.1.0/specifications/twitter-5.8.0.gemspec
I, [2014-05-01T15:16:57.540629 #5374]  INFO -- : 0:  uglifier (2.5.0) from /home/k2l/.rvm/gems/ruby-2.1.0/specifications/uglifier-2.5.0.gemspec
I, [2014-05-01T15:17:30.162249 #5500]  INFO -- : 0:  rake (10.3.1) from /home/k2l/.rvm/gems/ruby-2.1.0/specifications/rake-10.3.1.gemspec
I, [2014-05-01T15:17:30.162768 #5500]  INFO -- : 0:  i18n (0.6.9) from /home/k2l/.rvm/gems/ruby-2.1.0/specifications/i18n-0.6.9.gemspec
I, [2014-05-01T15:17:30.358634 #5500]  INFO -- : 0:  minitest (4.7.5) from /home/k2l/.rvm/gems/ruby-2.1.0/specifications/minitest-4.7.5.gemspec
I, [2014-05-01T15:17:30.359477 #5500]  INFO -- : 0:  multi_json (1.9.3) from /home/k2l/.rvm/gems/ruby-2.1.0/specifications/multi_json-1.9.3.gemspec
I, [2014-05-01T15:17:30.360081 #5500]  INFO -- : 0:  thread_safe (0.3.3) from /home/k2l/.rvm/gems/ruby-2.1.0/specifications/thread_safe-0.3.3.gemspec
I, [2014-05-01T15:17:30.360948 #5500]  INFO -- : 0:  tzinfo (0.3.39) from /home/k2l/.rvm/gems/ruby-2.1.0/specifications/tzinfo-0.3.39.gemspec
I, [2014-05-01T15:17:30.361836 #5500]  INFO -- : 0:  activesupport (4.0.4) from /home/k2l/.rvm/gems/ruby-2.1.0/specifications/activesupport-4.0.4.gemspec
I, [2014-05-01T15:17:30.362688 #5500]  INFO -- : 0:  builder (3.1.4) from /home/k2l/.rvm/gems/ruby-2.1.0/specifications/builder-3.1.4.gemspec
I, [2014-05-01T15:17:30.363640 #5500]  INFO -- : 0:  erubis (2.7.0) from /home/k2l/.rvm/gems/ruby-2.1.0/specifications/erubis-2.7.0.gemspec
I, [2014-05-01T15:17:30.364502 #5500]  INFO -- : 0:  rack (1.5.2) from /home/k2l/.rvm/gems/ruby-2.1.0/specifications/rack-1.5.2.gemspec
I, [2014-05-01T15:17:30.365380 #5500]  INFO -- : 0:  rack-test (0.6.2) from /home/k2l/.rvm/gems/ruby-2.1.0/specifications/rack-test-0.6.2.gemspec
I, [2014-05-01T15:17:30.366264 #5500]  INFO -- : 0:  actionpack (4.0.4) from /home/k2l/.rvm/gems/ruby-2.1.0/specifications/actionpack-4.0.4.gemspec
I, [2014-05-01T15:17:30.367097 #5500]  INFO -- : 0:  mime-types (1.25.1) from /home/k2l/.rvm/gems/ruby-2.1.0/specifications/mime-types-1.25.1.gemspec
I, [2014-05-01T15:17:30.367775 #5500]  INFO -- : 0:  polyglot (0.3.4) from /home/k2l/.rvm/gems/ruby-2.1.0/specifications/polyglot-0.3.4.gemspec
I, [2014-05-01T15:17:30.368375 #5500]  INFO -- : 0:  treetop (1.4.15) from /home/k2l/.rvm/gems/ruby-2.1.0/specifications/treetop-1.4.15.gemspec
I, [2014-05-01T15:17:30.368937 #5500]  INFO -- : 0:  mail (2.5.4) from /home/k2l/.rvm/gems/ruby-2.1.0/specifications/mail-2.5.4.gemspec
I, [2014-05-01T15:17:30.369531 #5500]  INFO -- : 0:  actionmailer (4.0.4) from /home/k2l/.rvm/gems/ruby-2.1.0/specifications/actionmailer-4.0.4.gemspec
I, [2014-05-01T15:17:30.370110 #5500]  INFO -- : 0:  activemodel (4.0.4) from /home/k2l/.rvm/gems/ruby-2.1.0/specifications/activemodel-4.0.4.gemspec
I, [2014-05-01T15:17:30.370668 #5500]  INFO -- : 0:  activerecord-deprecated_finders (1.0.3) from /home/k2l/.rvm/gems/ruby-2.1.0/specifications/activerecord-deprecated_finders-1.0.3.gemspec
I, [2014-05-01T15:17:30.371388 #5500]  INFO -- : 0:  arel (4.0.2) from /home/k2l/.rvm/gems/ruby-2.1.0/specifications/arel-4.0.2.gemspec
I, [2014-05-01T15:17:30.372268 #5500]  INFO -- : 0:  activerecord (4.0.4) from /home/k2l/.rvm/gems/ruby-2.1.0/specifications/activerecord-4.0.4.gemspec
I, [2014-05-01T15:17:30.373183 #5500]  INFO -- : 0:  addressable (2.3.6) from /home/k2l/.rvm/gems/ruby-2.1.0/specifications/addressable-2.3.6.gemspec
I, [2014-05-01T15:17:30.374053 #5500]  INFO -- : 0:  bson (1.10.0) from /home/k2l/.rvm/gems/ruby-2.1.0/specifications/bson-1.10.0.gemspec
I, [2014-05-01T15:17:30.374942 #5500]  INFO -- : 0:  bson_ext (1.10.0) from /home/k2l/.rvm/gems/ruby-2.1.0/specifications/bson_ext-1.10.0.gemspec
I, [2014-05-01T15:17:30.375862 #5500]  INFO -- : 0:  buftok (0.2.0) from /home/k2l/.rvm/gems/ruby-2.1.0/specifications/buftok-0.2.0.gemspec
I, [2014-05-01T15:17:30.376715 #5500]  INFO -- : 0:  bundler (1.5.0) from /home/k2l/.rvm/gems/ruby-2.1.0@global/specifications/bundler-1.5.0.gemspec
I, [2014-05-01T15:17:30.377649 #5500]  INFO -- : 0:  columnize (0.3.6) from /home/k2l/.rvm/gems/ruby-2.1.0/specifications/columnize-0.3.6.gemspec
I, [2014-05-01T15:17:30.378509 #5500]  INFO -- : 0:  debugger-linecache (1.2.0) from /home/k2l/.rvm/gems/ruby-2.1.0/specifications/debugger-linecache-1.2.0.gemspec
I, [2014-05-01T15:17:30.379449 #5500]  INFO -- : 0:  byebug (2.7.0) from /home/k2l/.rvm/gems/ruby-2.1.0/specifications/byebug-2.7.0.gemspec
I, [2014-05-01T15:17:30.380342 #5500]  INFO -- : 0:  coffee-script-source (1.7.0) from /home/k2l/.rvm/gems/ruby-2.1.0/specifications/coffee-script-source-1.7.0.gemspec
I, [2014-05-01T15:17:30.381215 #5500]  INFO -- : 0:  execjs (2.0.2) from /home/k2l/.rvm/gems/ruby-2.1.0/specifications/execjs-2.0.2.gemspec
I, [2014-05-01T15:17:30.382133 #5500]  INFO -- : 0:  coffee-script (2.2.0) from /home/k2l/.rvm/gems/ruby-2.1.0/specifications/coffee-script-2.2.0.gemspec
I, [2014-05-01T15:17:30.383030 #5500]  INFO -- : 0:  thor (0.19.1) from /home/k2l/.rvm/gems/ruby-2.1.0/specifications/thor-0.19.1.gemspec
I, [2014-05-01T15:17:30.383543 #5500]  INFO -- : 0:  railties (4.0.4) from /home/k2l/.rvm/gems/ruby-2.1.0/specifications/railties-4.0.4.gemspec
I, [2014-05-01T15:17:30.383892 #5500]  INFO -- : 0:  coffee-rails (4.0.1) from /home/k2l/.rvm/gems/ruby-2.1.0/specifications/coffee-rails-4.0.1.gemspec
I, [2014-05-01T15:17:30.384235 #5500]  INFO -- : 0:  equalizer (0.0.9) from /home/k2l/.rvm/gems/ruby-2.1.0/specifications/equalizer-0.0.9.gemspec
I, [2014-05-01T15:17:30.384620 #5500]  INFO -- : 0:  multipart-post (2.0.0) from /home/k2l/.rvm/gems/ruby-2.1.0/specifications/multipart-post-2.0.0.gemspec
I, [2014-05-01T15:17:30.384976 #5500]  INFO -- : 0:  faraday (0.9.0) from /home/k2l/.rvm/gems/ruby-2.1.0/specifications/faraday-0.9.0.gemspec
I, [2014-05-01T15:17:30.385335 #5500]  INFO -- : 0:  hike (1.2.3) from /home/k2l/.rvm/gems/ruby-2.1.0/specifications/hike-1.2.3.gemspec
I, [2014-05-01T15:17:30.385685 #5500]  INFO -- : 0:  http_parser.rb (0.6.0) from /home/k2l/.rvm/gems/ruby-2.1.0/specifications/http_parser.rb-0.6.0.gemspec
I, [2014-05-01T15:17:30.386032 #5500]  INFO -- : 0:  http (0.5.0) from /home/k2l/.rvm/gems/ruby-2.1.0/specifications/http-0.5.0.gemspec
I, [2014-05-01T15:17:30.386396 #5500]  INFO -- : 0:  jbuilder (1.5.3) from /home/k2l/.rvm/gems/ruby-2.1.0/specifications/jbuilder-1.5.3.gemspec
I, [2014-05-01T15:17:30.386754 #5500]  INFO -- : 0:  jquery-rails (3.1.0) from /home/k2l/.rvm/gems/ruby-2.1.0/specifications/jquery-rails-3.1.0.gemspec
I, [2014-05-01T15:17:31.754202 #5500]  INFO -- : 0:  json (1.8.1) from /home/k2l/.rvm/gems/ruby-2.1.0/specifications/json-1.8.1.gemspec
I, [2014-05-01T15:17:31.776163 #5500]  INFO -- : 0:  libv8 (3.16.14.3) from /home/k2l/.rvm/gems/ruby-2.1.0/specifications/libv8-3.16.14.3.gemspec
I, [2014-05-01T15:17:31.776666 #5500]  INFO -- : 0:  memoizable (0.4.2) from /home/k2l/.rvm/gems/ruby-2.1.0/specifications/memoizable-0.4.2.gemspec
I, [2014-05-01T15:17:31.777029 #5500]  INFO -- : 0:  mongo (1.10.0) from /home/k2l/.rvm/gems/ruby-2.1.0/specifications/mongo-1.10.0.gemspec
I, [2014-05-01T15:17:31.777452 #5500]  INFO -- : 0:  plucky (0.6.6) from /home/k2l/.rvm/gems/ruby-2.1.0/specifications/plucky-0.6.6.gemspec
I, [2014-05-01T15:17:31.966039 #5500]  INFO -- : 0:  mongo_mapper (0.13.0.beta2) from /home/k2l/.rvm/gems/ruby-2.1.0/bundler/gems/mongomapper-9b87dee50780/mongo_mapper.gemspec
I, [2014-05-01T15:17:31.966510 #5500]  INFO -- : 0:  naught (1.0.0) from /home/k2l/.rvm/gems/ruby-2.1.0/specifications/naught-1.0.0.gemspec
I, [2014-05-01T15:17:31.966858 #5500]  INFO -- : 0:  tilt (1.4.1) from /home/k2l/.rvm/gems/ruby-2.1.0/specifications/tilt-1.4.1.gemspec
I, [2014-05-01T15:17:31.967354 #5500]  INFO -- : 0:  sprockets (2.11.0) from /home/k2l/.rvm/gems/ruby-2.1.0/specifications/sprockets-2.11.0.gemspec
I, [2014-05-01T15:17:31.967704 #5500]  INFO -- : 0:  sprockets-rails (2.0.1) from /home/k2l/.rvm/gems/ruby-2.1.0/specifications/sprockets-rails-2.0.1.gemspec
I, [2014-05-01T15:17:31.968167 #5500]  INFO -- : 0:  rails (4.0.4) from /home/k2l/.rvm/gems/ruby-2.1.0/specifications/rails-4.0.4.gemspec
I, [2014-05-01T15:17:31.968521 #5500]  INFO -- : 0:  rdoc (4.1.1) from /home/k2l/.rvm/gems/ruby-2.1.0/specifications/rdoc-4.1.1.gemspec
I, [2014-05-01T15:17:31.968973 #5500]  INFO -- : 0:  ref (1.0.5) from /home/k2l/.rvm/gems/ruby-2.1.0/specifications/ref-1.0.5.gemspec
I, [2014-05-01T15:17:31.969322 #5500]  INFO -- : 0:  sass (3.2.19) from /home/k2l/.rvm/gems/ruby-2.1.0/specifications/sass-3.2.19.gemspec
I, [2014-05-01T15:17:31.969771 #5500]  INFO -- : 0:  sass-rails (4.0.3) from /home/k2l/.rvm/gems/ruby-2.1.0/specifications/sass-rails-4.0.3.gemspec
I, [2014-05-01T15:17:31.970122 #5500]  INFO -- : 0:  sdoc (0.4.0) from /home/k2l/.rvm/gems/ruby-2.1.0/specifications/sdoc-0.4.0.gemspec
I, [2014-05-01T15:17:31.970470 #5500]  INFO -- : 0:  simple_oauth (0.2.0) from /home/k2l/.rvm/gems/ruby-2.1.0/specifications/simple_oauth-0.2.0.gemspec
I, [2014-05-01T15:17:31.970961 #5500]  INFO -- : 0:  therubyracer (0.12.1) from /home/k2l/.rvm/gems/ruby-2.1.0/specifications/therubyracer-0.12.1.gemspec
I, [2014-05-01T15:17:31.971330 #5500]  INFO -- : 0:  turbolinks (2.2.2) from /home/k2l/.rvm/gems/ruby-2.1.0/specifications/turbolinks-2.2.2.gemspec
I, [2014-05-01T15:17:31.971782 #5500]  INFO -- : 0:  twitter (5.8.0) from /home/k2l/.rvm/gems/ruby-2.1.0/specifications/twitter-5.8.0.gemspec
I, [2014-05-01T15:17:31.972138 #5500]  INFO -- : 0:  uglifier (2.5.0) from /home/k2l/.rvm/gems/ruby-2.1.0/specifications/uglifier-2.5.0.gemspec
I, [2014-05-01T18:45:48.850915 #6358]  INFO -- : 0:  rake (10.3.1) from /home/k2l/.rvm/gems/ruby-2.1.0/specifications/rake-10.3.1.gemspec
I, [2014-05-01T18:45:48.851471 #6358]  INFO -- : 0:  i18n (0.6.9) from /home/k2l/.rvm/gems/ruby-2.1.0/specifications/i18n-0.6.9.gemspec
I, [2014-05-01T18:45:49.010841 #6358]  INFO -- : 0:  minitest (4.7.5) from /home/k2l/.rvm/gems/ruby-2.1.0/specifications/minitest-4.7.5.gemspec
I, [2014-05-01T18:45:49.011777 #6358]  INFO -- : 0:  multi_json (1.9.3) from /home/k2l/.rvm/gems/ruby-2.1.0/specifications/multi_json-1.9.3.gemspec
I, [2014-05-01T18:45:49.012430 #6358]  INFO -- : 0:  thread_safe (0.3.3) from /home/k2l/.rvm/gems/ruby-2.1.0/specifications/thread_safe-0.3.3.gemspec
I, [2014-05-01T18:45:49.013319 #6358]  INFO -- : 0:  tzinfo (0.3.39) from /home/k2l/.rvm/gems/ruby-2.1.0/specifications/tzinfo-0.3.39.gemspec
I, [2014-05-01T18:45:49.014240 #6358]  INFO -- : 0:  activesupport (4.0.4) from /home/k2l/.rvm/gems/ruby-2.1.0/specifications/activesupport-4.0.4.gemspec
I, [2014-05-01T18:45:49.015273 #6358]  INFO -- : 0:  builder (3.1.4) from /home/k2l/.rvm/gems/ruby-2.1.0/specifications/builder-3.1.4.gemspec
I, [2014-05-01T18:45:49.016177 #6358]  INFO -- : 0:  erubis (2.7.0) from /home/k2l/.rvm/gems/ruby-2.1.0/specifications/erubis-2.7.0.gemspec
I, [2014-05-01T18:45:49.017080 #6358]  INFO -- : 0:  rack (1.5.2) from /home/k2l/.rvm/gems/ruby-2.1.0/specifications/rack-1.5.2.gemspec
I, [2014-05-01T18:45:49.017958 #6358]  INFO -- : 0:  rack-test (0.6.2) from /home/k2l/.rvm/gems/ruby-2.1.0/specifications/rack-test-0.6.2.gemspec
I, [2014-05-01T18:45:49.018868 #6358]  INFO -- : 0:  actionpack (4.0.4) from /home/k2l/.rvm/gems/ruby-2.1.0/specifications/actionpack-4.0.4.gemspec
I, [2014-05-01T18:45:49.019901 #6358]  INFO -- : 0:  mime-types (1.25.1) from /home/k2l/.rvm/gems/ruby-2.1.0/specifications/mime-types-1.25.1.gemspec
I, [2014-05-01T18:45:49.020804 #6358]  INFO -- : 0:  polyglot (0.3.4) from /home/k2l/.rvm/gems/ruby-2.1.0/specifications/polyglot-0.3.4.gemspec
I, [2014-05-01T18:45:49.021676 #6358]  INFO -- : 0:  treetop (1.4.15) from /home/k2l/.rvm/gems/ruby-2.1.0/specifications/treetop-1.4.15.gemspec
I, [2014-05-01T18:45:49.022578 #6358]  INFO -- : 0:  mail (2.5.4) from /home/k2l/.rvm/gems/ruby-2.1.0/specifications/mail-2.5.4.gemspec
I, [2014-05-01T18:45:49.023550 #6358]  INFO -- : 0:  actionmailer (4.0.4) from /home/k2l/.rvm/gems/ruby-2.1.0/specifications/actionmailer-4.0.4.gemspec
I, [2014-05-01T18:45:49.024460 #6358]  INFO -- : 0:  activemodel (4.0.4) from /home/k2l/.rvm/gems/ruby-2.1.0/specifications/activemodel-4.0.4.gemspec
I, [2014-05-01T18:45:49.025334 #6358]  INFO -- : 0:  activerecord-deprecated_finders (1.0.3) from /home/k2l/.rvm/gems/ruby-2.1.0/specifications/activerecord-deprecated_finders-1.0.3.gemspec
I, [2014-05-01T18:45:49.026209 #6358]  INFO -- : 0:  arel (4.0.2) from /home/k2l/.rvm/gems/ruby-2.1.0/specifications/arel-4.0.2.gemspec
I, [2014-05-01T18:45:49.027255 #6358]  INFO -- : 0:  activerecord (4.0.4) from /home/k2l/.rvm/gems/ruby-2.1.0/specifications/activerecord-4.0.4.gemspec
I, [2014-05-01T18:45:49.028140 #6358]  INFO -- : 0:  addressable (2.3.6) from /home/k2l/.rvm/gems/ruby-2.1.0/specifications/addressable-2.3.6.gemspec
I, [2014-05-01T18:45:49.029030 #6358]  INFO -- : 0:  multipart-post (2.0.0) from /home/k2l/.rvm/gems/ruby-2.1.0/specifications/multipart-post-2.0.0.gemspec
I, [2014-05-01T18:45:49.029918 #6358]  INFO -- : 0:  faraday (0.9.0) from /home/k2l/.rvm/gems/ruby-2.1.0/specifications/faraday-0.9.0.gemspec
I, [2014-05-01T18:45:49.030809 #6358]  INFO -- : 0:  hashie (2.1.1) from /home/k2l/.rvm/gems/ruby-2.1.0/specifications/hashie-2.1.1.gemspec
I, [2014-05-01T18:45:52.070968 #6358]  INFO -- : 0:  binged (1.1.0) from /home/k2l/.rvm/gems/ruby-2.1.0/specifications/binged-1.1.0.gemspec
I, [2014-05-01T18:45:52.072123 #6358]  INFO -- : 0:  bson (1.10.0) from /home/k2l/.rvm/gems/ruby-2.1.0/specifications/bson-1.10.0.gemspec
I, [2014-05-01T18:45:52.073063 #6358]  INFO -- : 0:  bson_ext (1.10.0) from /home/k2l/.rvm/gems/ruby-2.1.0/specifications/bson_ext-1.10.0.gemspec
I, [2014-05-01T18:45:52.074047 #6358]  INFO -- : 0:  buftok (0.2.0) from /home/k2l/.rvm/gems/ruby-2.1.0/specifications/buftok-0.2.0.gemspec
I, [2014-05-01T18:45:52.074944 #6358]  INFO -- : 0:  bundler (1.5.0) from /home/k2l/.rvm/gems/ruby-2.1.0@global/specifications/bundler-1.5.0.gemspec
I, [2014-05-01T18:45:52.075913 #6358]  INFO -- : 0:  columnize (0.3.6) from /home/k2l/.rvm/gems/ruby-2.1.0/specifications/columnize-0.3.6.gemspec
I, [2014-05-01T18:45:52.076834 #6358]  INFO -- : 0:  debugger-linecache (1.2.0) from /home/k2l/.rvm/gems/ruby-2.1.0/specifications/debugger-linecache-1.2.0.gemspec
I, [2014-05-01T18:45:52.077709 #6358]  INFO -- : 0:  byebug (2.7.0) from /home/k2l/.rvm/gems/ruby-2.1.0/specifications/byebug-2.7.0.gemspec
I, [2014-05-01T18:45:52.078638 #6358]  INFO -- : 0:  coffee-script-source (1.7.0) from /home/k2l/.rvm/gems/ruby-2.1.0/specifications/coffee-script-source-1.7.0.gemspec
I, [2014-05-01T18:45:52.079385 #6358]  INFO -- : 0:  execjs (2.0.2) from /home/k2l/.rvm/gems/ruby-2.1.0/specifications/execjs-2.0.2.gemspec
I, [2014-05-01T18:45:52.079754 #6358]  INFO -- : 0:  coffee-script (2.2.0) from /home/k2l/.rvm/gems/ruby-2.1.0/specifications/coffee-script-2.2.0.gemspec
I, [2014-05-01T18:45:52.080129 #6358]  INFO -- : 0:  thor (0.19.1) from /home/k2l/.rvm/gems/ruby-2.1.0/specifications/thor-0.19.1.gemspec
I, [2014-05-01T18:45:52.080487 #6358]  INFO -- : 0:  railties (4.0.4) from /home/k2l/.rvm/gems/ruby-2.1.0/specifications/railties-4.0.4.gemspec
I, [2014-05-01T18:45:52.080857 #6358]  INFO -- : 0:  coffee-rails (4.0.1) from /home/k2l/.rvm/gems/ruby-2.1.0/specifications/coffee-rails-4.0.1.gemspec
I, [2014-05-01T18:45:52.081226 #6358]  INFO -- : 0:  equalizer (0.0.9) from /home/k2l/.rvm/gems/ruby-2.1.0/specifications/equalizer-0.0.9.gemspec
I, [2014-05-01T18:45:52.081595 #6358]  INFO -- : 0:  hike (1.2.3) from /home/k2l/.rvm/gems/ruby-2.1.0/specifications/hike-1.2.3.gemspec
I, [2014-05-01T18:45:52.081945 #6358]  INFO -- : 0:  http_parser.rb (0.6.0) from /home/k2l/.rvm/gems/ruby-2.1.0/specifications/http_parser.rb-0.6.0.gemspec
I, [2014-05-01T18:45:52.082464 #6358]  INFO -- : 0:  http (0.5.0) from /home/k2l/.rvm/gems/ruby-2.1.0/specifications/http-0.5.0.gemspec
I, [2014-05-01T18:45:52.082861 #6358]  INFO -- : 0:  jbuilder (1.5.3) from /home/k2l/.rvm/gems/ruby-2.1.0/specifications/jbuilder-1.5.3.gemspec
I, [2014-05-01T18:45:52.083251 #6358]  INFO -- : 0:  jquery-rails (3.1.0) from /home/k2l/.rvm/gems/ruby-2.1.0/specifications/jquery-rails-3.1.0.gemspec
I, [2014-05-01T18:45:53.452913 #6358]  INFO -- : 0:  json (1.8.1) from /home/k2l/.rvm/gems/ruby-2.1.0/specifications/json-1.8.1.gemspec
I, [2014-05-01T18:45:53.453743 #6358]  INFO -- : 0:  libv8 (3.16.14.3) from /home/k2l/.rvm/gems/ruby-2.1.0/specifications/libv8-3.16.14.3.gemspec
I, [2014-05-01T18:45:53.454393 #6358]  INFO -- : 0:  memoizable (0.4.2) from /home/k2l/.rvm/gems/ruby-2.1.0/specifications/memoizable-0.4.2.gemspec
I, [2014-05-01T18:45:53.455006 #6358]  INFO -- : 0:  mongo (1.10.0) from /home/k2l/.rvm/gems/ruby-2.1.0/specifications/mongo-1.10.0.gemspec
I, [2014-05-01T18:45:53.455504 #6358]  INFO -- : 0:  plucky (0.6.6) from /home/k2l/.rvm/gems/ruby-2.1.0/specifications/plucky-0.6.6.gemspec
I, [2014-05-01T18:45:53.642692 #6358]  INFO -- : 0:  mongo_mapper (0.13.0.beta2) from /home/k2l/.rvm/gems/ruby-2.1.0/bundler/gems/mongomapper-9b87dee50780/mongo_mapper.gemspec
I, [2014-05-01T18:45:53.643193 #6358]  INFO -- : 0:  naught (1.0.0) from /home/k2l/.rvm/gems/ruby-2.1.0/specifications/naught-1.0.0.gemspec
I, [2014-05-01T18:45:53.643684 #6358]  INFO -- : 0:  tilt (1.4.1) from /home/k2l/.rvm/gems/ruby-2.1.0/specifications/tilt-1.4.1.gemspec
I, [2014-05-01T18:45:53.644050 #6358]  INFO -- : 0:  sprockets (2.11.0) from /home/k2l/.rvm/gems/ruby-2.1.0/specifications/sprockets-2.11.0.gemspec
I, [2014-05-01T18:45:53.644529 #6358]  INFO -- : 0:  sprockets-rails (2.0.1) from /home/k2l/.rvm/gems/ruby-2.1.0/specifications/sprockets-rails-2.0.1.gemspec
I, [2014-05-01T18:45:53.644883 #6358]  INFO -- : 0:  rails (4.0.4) from /home/k2l/.rvm/gems/ruby-2.1.0/specifications/rails-4.0.4.gemspec
I, [2014-05-01T18:45:53.645350 #6358]  INFO -- : 0:  rdoc (4.1.1) from /home/k2l/.rvm/gems/ruby-2.1.0/specifications/rdoc-4.1.1.gemspec
I, [2014-05-01T18:45:53.645697 #6358]  INFO -- : 0:  ref (1.0.5) from /home/k2l/.rvm/gems/ruby-2.1.0/specifications/ref-1.0.5.gemspec
I, [2014-05-01T18:45:53.646108 #6358]  INFO -- : 0:  sass (3.2.19) from /home/k2l/.rvm/gems/ruby-2.1.0/specifications/sass-3.2.19.gemspec
I, [2014-05-01T18:45:53.646467 #6358]  INFO -- : 0:  sass-rails (4.0.3) from /home/k2l/.rvm/gems/ruby-2.1.0/specifications/sass-rails-4.0.3.gemspec
I, [2014-05-01T18:45:53.646882 #6358]  INFO -- : 0:  sdoc (0.4.0) from /home/k2l/.rvm/gems/ruby-2.1.0/specifications/sdoc-0.4.0.gemspec
I, [2014-05-01T18:45:53.647241 #6358]  INFO -- : 0:  simple_oauth (0.2.0) from /home/k2l/.rvm/gems/ruby-2.1.0/specifications/simple_oauth-0.2.0.gemspec
I, [2014-05-01T18:45:53.647740 #6358]  INFO -- : 0:  therubyracer (0.12.1) from /home/k2l/.rvm/gems/ruby-2.1.0/specifications/therubyracer-0.12.1.gemspec
I, [2014-05-01T18:45:53.648094 #6358]  INFO -- : 0:  turbolinks (2.2.2) from /home/k2l/.rvm/gems/ruby-2.1.0/specifications/turbolinks-2.2.2.gemspec
I, [2014-05-01T18:45:53.648560 #6358]  INFO -- : 0:  twitter (5.8.0) from /home/k2l/.rvm/gems/ruby-2.1.0/specifications/twitter-5.8.0.gemspec
I, [2014-05-01T18:45:53.648913 #6358]  INFO -- : 0:  uglifier (2.5.0) from /home/k2l/.rvm/gems/ruby-2.1.0/specifications/uglifier-2.5.0.gemspec
I, [2014-05-01T20:59:35.868788 #2589]  INFO -- : 0:  rake (10.3.1) from /home/k2l/.rvm/gems/ruby-2.1.0/specifications/rake-10.3.1.gemspec
I, [2014-05-01T20:59:35.905370 #2589]  INFO -- : 0:  i18n (0.6.9) from /home/k2l/.rvm/gems/ruby-2.1.0/specifications/i18n-0.6.9.gemspec
I, [2014-05-01T20:59:36.074356 #2589]  INFO -- : 0:  minitest (4.7.5) from /home/k2l/.rvm/gems/ruby-2.1.0/specifications/minitest-4.7.5.gemspec
I, [2014-05-01T20:59:36.075113 #2589]  INFO -- : 0:  multi_json (1.9.3) from /home/k2l/.rvm/gems/ruby-2.1.0/specifications/multi_json-1.9.3.gemspec
I, [2014-05-01T20:59:36.075679 #2589]  INFO -- : 0:  thread_safe (0.3.3) from /home/k2l/.rvm/gems/ruby-2.1.0/specifications/thread_safe-0.3.3.gemspec
I, [2014-05-01T20:59:36.076681 #2589]  INFO -- : 0:  tzinfo (0.3.39) from /home/k2l/.rvm/gems/ruby-2.1.0/specifications/tzinfo-0.3.39.gemspec
I, [2014-05-01T20:59:36.077621 #2589]  INFO -- : 0:  activesupport (4.0.4) from /home/k2l/.rvm/gems/ruby-2.1.0/specifications/activesupport-4.0.4.gemspec
I, [2014-05-01T20:59:36.078517 #2589]  INFO -- : 0:  builder (3.1.4) from /home/k2l/.rvm/gems/ruby-2.1.0/specifications/builder-3.1.4.gemspec
I, [2014-05-01T20:59:36.079462 #2589]  INFO -- : 0:  erubis (2.7.0) from /home/k2l/.rvm/gems/ruby-2.1.0/specifications/erubis-2.7.0.gemspec
I, [2014-05-01T20:59:36.080509 #2589]  INFO -- : 0:  rack (1.5.2) from /home/k2l/.rvm/gems/ruby-2.1.0/specifications/rack-1.5.2.gemspec
I, [2014-05-01T20:59:36.081374 #2589]  INFO -- : 0:  rack-test (0.6.2) from /home/k2l/.rvm/gems/ruby-2.1.0/specifications/rack-test-0.6.2.gemspec
I, [2014-05-01T20:59:36.082264 #2589]  INFO -- : 0:  actionpack (4.0.4) from /home/k2l/.rvm/gems/ruby-2.1.0/specifications/actionpack-4.0.4.gemspec
I, [2014-05-01T20:59:36.083147 #2589]  INFO -- : 0:  mime-types (1.25.1) from /home/k2l/.rvm/gems/ruby-2.1.0/specifications/mime-types-1.25.1.gemspec
I, [2014-05-01T20:59:36.084074 #2589]  INFO -- : 0:  polyglot (0.3.4) from /home/k2l/.rvm/gems/ruby-2.1.0/specifications/polyglot-0.3.4.gemspec
I, [2014-05-01T20:59:36.084627 #2589]  INFO -- : 0:  treetop (1.4.15) from /home/k2l/.rvm/gems/ruby-2.1.0/specifications/treetop-1.4.15.gemspec
I, [2014-05-01T20:59:36.085175 #2589]  INFO -- : 0:  mail (2.5.4) from /home/k2l/.rvm/gems/ruby-2.1.0/specifications/mail-2.5.4.gemspec
I, [2014-05-01T20:59:36.085712 #2589]  INFO -- : 0:  actionmailer (4.0.4) from /home/k2l/.rvm/gems/ruby-2.1.0/specifications/actionmailer-4.0.4.gemspec
I, [2014-05-01T20:59:36.086275 #2589]  INFO -- : 0:  activemodel (4.0.4) from /home/k2l/.rvm/gems/ruby-2.1.0/specifications/activemodel-4.0.4.gemspec
I, [2014-05-01T20:59:36.086827 #2589]  INFO -- : 0:  activerecord-deprecated_finders (1.0.3) from /home/k2l/.rvm/gems/ruby-2.1.0/specifications/activerecord-deprecated_finders-1.0.3.gemspec
I, [2014-05-01T20:59:36.087356 #2589]  INFO -- : 0:  arel (4.0.2) from /home/k2l/.rvm/gems/ruby-2.1.0/specifications/arel-4.0.2.gemspec
I, [2014-05-01T20:59:36.088094 #2589]  INFO -- : 0:  activerecord (4.0.4) from /home/k2l/.rvm/gems/ruby-2.1.0/specifications/activerecord-4.0.4.gemspec
I, [2014-05-01T20:59:36.089033 #2589]  INFO -- : 0:  addressable (2.3.6) from /home/k2l/.rvm/gems/ruby-2.1.0/specifications/addressable-2.3.6.gemspec
I, [2014-05-01T20:59:36.089934 #2589]  INFO -- : 0:  bson (1.10.0) from /home/k2l/.rvm/gems/ruby-2.1.0/specifications/bson-1.10.0.gemspec
I, [2014-05-01T20:59:36.090867 #2589]  INFO -- : 0:  bson_ext (1.10.0) from /home/k2l/.rvm/gems/ruby-2.1.0/specifications/bson_ext-1.10.0.gemspec
I, [2014-05-01T20:59:36.091768 #2589]  INFO -- : 0:  buftok (0.2.0) from /home/k2l/.rvm/gems/ruby-2.1.0/specifications/buftok-0.2.0.gemspec
I, [2014-05-01T20:59:36.092668 #2589]  INFO -- : 0:  bundler (1.5.0) from /home/k2l/.rvm/gems/ruby-2.1.0@global/specifications/bundler-1.5.0.gemspec
I, [2014-05-01T20:59:36.093588 #2589]  INFO -- : 0:  columnize (0.3.6) from /home/k2l/.rvm/gems/ruby-2.1.0/specifications/columnize-0.3.6.gemspec
I, [2014-05-01T20:59:36.094510 #2589]  INFO -- : 0:  debugger-linecache (1.2.0) from /home/k2l/.rvm/gems/ruby-2.1.0/specifications/debugger-linecache-1.2.0.gemspec
I, [2014-05-01T20:59:36.095391 #2589]  INFO -- : 0:  byebug (2.7.0) from /home/k2l/.rvm/gems/ruby-2.1.0/specifications/byebug-2.7.0.gemspec
I, [2014-05-01T20:59:36.096337 #2589]  INFO -- : 0:  coffee-script-source (1.7.0) from /home/k2l/.rvm/gems/ruby-2.1.0/specifications/coffee-script-source-1.7.0.gemspec
I, [2014-05-01T20:59:36.097264 #2589]  INFO -- : 0:  execjs (2.0.2) from /home/k2l/.rvm/gems/ruby-2.1.0/specifications/execjs-2.0.2.gemspec
I, [2014-05-01T20:59:36.098182 #2589]  INFO -- : 0:  coffee-script (2.2.0) from /home/k2l/.rvm/gems/ruby-2.1.0/specifications/coffee-script-2.2.0.gemspec
I, [2014-05-01T20:59:36.099103 #2589]  INFO -- : 0:  thor (0.19.1) from /home/k2l/.rvm/gems/ruby-2.1.0/specifications/thor-0.19.1.gemspec
I, [2014-05-01T20:59:36.099984 #2589]  INFO -- : 0:  railties (4.0.4) from /home/k2l/.rvm/gems/ruby-2.1.0/specifications/railties-4.0.4.gemspec
I, [2014-05-01T20:59:36.100354 #2589]  INFO -- : 0:  coffee-rails (4.0.1) from /home/k2l/.rvm/gems/ruby-2.1.0/specifications/coffee-rails-4.0.1.gemspec
I, [2014-05-01T20:59:36.100721 #2589]  INFO -- : 0:  equalizer (0.0.9) from /home/k2l/.rvm/gems/ruby-2.1.0/specifications/equalizer-0.0.9.gemspec
I, [2014-05-01T20:59:36.101093 #2589]  INFO -- : 0:  multipart-post (2.0.0) from /home/k2l/.rvm/gems/ruby-2.1.0/specifications/multipart-post-2.0.0.gemspec
I, [2014-05-01T20:59:36.101467 #2589]  INFO -- : 0:  faraday (0.9.0) from /home/k2l/.rvm/gems/ruby-2.1.0/specifications/faraday-0.9.0.gemspec
I, [2014-05-01T20:59:36.101833 #2589]  INFO -- : 0:  hike (1.2.3) from /home/k2l/.rvm/gems/ruby-2.1.0/specifications/hike-1.2.3.gemspec
I, [2014-05-01T20:59:36.102201 #2589]  INFO -- : 0:  http_parser.rb (0.6.0) from /home/k2l/.rvm/gems/ruby-2.1.0/specifications/http_parser.rb-0.6.0.gemspec
I, [2014-05-01T20:59:36.102566 #2589]  INFO -- : 0:  http (0.5.0) from /home/k2l/.rvm/gems/ruby-2.1.0/specifications/http-0.5.0.gemspec
I, [2014-05-01T20:59:38.881148 #2589]  INFO -- : 0:  json (1.8.1) from /home/k2l/.rvm/gems/ruby-2.1.0/specifications/json-1.8.1.gemspec
I, [2014-05-01T20:59:40.875254 #2589]  INFO -- : 0:  multi_xml (0.5.5) from /home/k2l/.rvm/gems/ruby-2.1.0/specifications/multi_xml-0.5.5.gemspec
I, [2014-05-01T20:59:43.489320 #2589]  INFO -- : 0:  httparty (0.13.1) from /home/k2l/.rvm/gems/ruby-2.1.0/specifications/httparty-0.13.1.gemspec
I, [2014-05-01T20:59:43.489859 #2589]  INFO -- : 0:  jbuilder (1.5.3) from /home/k2l/.rvm/gems/ruby-2.1.0/specifications/jbuilder-1.5.3.gemspec
I, [2014-05-01T20:59:43.490263 #2589]  INFO -- : 0:  jquery-rails (3.1.0) from /home/k2l/.rvm/gems/ruby-2.1.0/specifications/jquery-rails-3.1.0.gemspec
I, [2014-05-01T20:59:43.490646 #2589]  INFO -- : 0:  libv8 (3.16.14.3) from /home/k2l/.rvm/gems/ruby-2.1.0/specifications/libv8-3.16.14.3.gemspec
I, [2014-05-01T20:59:43.491047 #2589]  INFO -- : 0:  memoizable (0.4.2) from /home/k2l/.rvm/gems/ruby-2.1.0/specifications/memoizable-0.4.2.gemspec
I, [2014-05-01T20:59:43.491440 #2589]  INFO -- : 0:  mongo (1.10.0) from /home/k2l/.rvm/gems/ruby-2.1.0/specifications/mongo-1.10.0.gemspec
I, [2014-05-01T20:59:43.492018 #2589]  INFO -- : 0:  plucky (0.6.6) from /home/k2l/.rvm/gems/ruby-2.1.0/specifications/plucky-0.6.6.gemspec
I, [2014-05-01T20:59:43.987521 #2589]  INFO -- : 0:  mongo_mapper (0.13.0.beta2) from /home/k2l/.rvm/gems/ruby-2.1.0/bundler/gems/mongomapper-9b87dee50780/mongo_mapper.gemspec
I, [2014-05-01T20:59:43.988329 #2589]  INFO -- : 0:  naught (1.0.0) from /home/k2l/.rvm/gems/ruby-2.1.0/specifications/naught-1.0.0.gemspec
I, [2014-05-01T20:59:43.989317 #2589]  INFO -- : 0:  tilt (1.4.1) from /home/k2l/.rvm/gems/ruby-2.1.0/specifications/tilt-1.4.1.gemspec
I, [2014-05-01T20:59:43.990227 #2589]  INFO -- : 0:  sprockets (2.11.0) from /home/k2l/.rvm/gems/ruby-2.1.0/specifications/sprockets-2.11.0.gemspec
I, [2014-05-01T20:59:43.991095 #2589]  INFO -- : 0:  sprockets-rails (2.0.1) from /home/k2l/.rvm/gems/ruby-2.1.0/specifications/sprockets-rails-2.0.1.gemspec
I, [2014-05-01T20:59:43.992062 #2589]  INFO -- : 0:  rails (4.0.4) from /home/k2l/.rvm/gems/ruby-2.1.0/specifications/rails-4.0.4.gemspec
I, [2014-05-01T20:59:46.649164 #2589]  INFO -- : 0:  rbing (1.1.0) from /home/k2l/.rvm/gems/ruby-2.1.0/specifications/rbing-1.1.0.gemspec
I, [2014-05-01T20:59:46.650288 #2589]  INFO -- : 0:  rdoc (4.1.1) from /home/k2l/.rvm/gems/ruby-2.1.0/specifications/rdoc-4.1.1.gemspec
I, [2014-05-01T20:59:46.651161 #2589]  INFO -- : 0:  ref (1.0.5) from /home/k2l/.rvm/gems/ruby-2.1.0/specifications/ref-1.0.5.gemspec
I, [2014-05-01T20:59:46.652113 #2589]  INFO -- : 0:  sass (3.2.19) from /home/k2l/.rvm/gems/ruby-2.1.0/specifications/sass-3.2.19.gemspec
I, [2014-05-01T20:59:46.653006 #2589]  INFO -- : 0:  sass-rails (4.0.3) from /home/k2l/.rvm/gems/ruby-2.1.0/specifications/sass-rails-4.0.3.gemspec
I, [2014-05-01T20:59:46.653881 #2589]  INFO -- : 0:  sdoc (0.4.0) from /home/k2l/.rvm/gems/ruby-2.1.0/specifications/sdoc-0.4.0.gemspec
I, [2014-05-01T20:59:46.654800 #2589]  INFO -- : 0:  simple_oauth (0.2.0) from /home/k2l/.rvm/gems/ruby-2.1.0/specifications/simple_oauth-0.2.0.gemspec
I, [2014-05-01T20:59:46.655637 #2589]  INFO -- : 0:  therubyracer (0.12.1) from /home/k2l/.rvm/gems/ruby-2.1.0/specifications/therubyracer-0.12.1.gemspec
I, [2014-05-01T20:59:46.656258 #2589]  INFO -- : 0:  turbolinks (2.2.2) from /home/k2l/.rvm/gems/ruby-2.1.0/specifications/turbolinks-2.2.2.gemspec
I, [2014-05-01T20:59:46.656612 #2589]  INFO -- : 0:  twitter (5.8.0) from /home/k2l/.rvm/gems/ruby-2.1.0/specifications/twitter-5.8.0.gemspec
I, [2014-05-01T20:59:46.657020 #2589]  INFO -- : 0:  uglifier (2.5.0) from /home/k2l/.rvm/gems/ruby-2.1.0/specifications/uglifier-2.5.0.gemspec
I, [2014-05-01T23:46:02.354350 #4005]  INFO -- : 0:  rake (10.3.1) from /home/k2l/.rvm/gems/ruby-2.1.0/specifications/rake-10.3.1.gemspec
I, [2014-05-01T23:46:02.354914 #4005]  INFO -- : 0:  i18n (0.6.9) from /home/k2l/.rvm/gems/ruby-2.1.0/specifications/i18n-0.6.9.gemspec
I, [2014-05-01T23:46:02.455493 #4005]  INFO -- : 0:  minitest (4.7.5) from /home/k2l/.rvm/gems/ruby-2.1.0/specifications/minitest-4.7.5.gemspec
I, [2014-05-01T23:46:02.456404 #4005]  INFO -- : 0:  multi_json (1.9.3) from /home/k2l/.rvm/gems/ruby-2.1.0/specifications/multi_json-1.9.3.gemspec
I, [2014-05-01T23:46:02.457071 #4005]  INFO -- : 0:  thread_safe (0.3.3) from /home/k2l/.rvm/gems/ruby-2.1.0/specifications/thread_safe-0.3.3.gemspec
I, [2014-05-01T23:46:02.457995 #4005]  INFO -- : 0:  tzinfo (0.3.39) from /home/k2l/.rvm/gems/ruby-2.1.0/specifications/tzinfo-0.3.39.gemspec
I, [2014-05-01T23:46:02.458848 #4005]  INFO -- : 0:  activesupport (4.0.4) from /home/k2l/.rvm/gems/ruby-2.1.0/specifications/activesupport-4.0.4.gemspec
I, [2014-05-01T23:46:02.459825 #4005]  INFO -- : 0:  builder (3.1.4) from /home/k2l/.rvm/gems/ruby-2.1.0/specifications/builder-3.1.4.gemspec
I, [2014-05-01T23:46:02.460786 #4005]  INFO -- : 0:  erubis (2.7.0) from /home/k2l/.rvm/gems/ruby-2.1.0/specifications/erubis-2.7.0.gemspec
I, [2014-05-01T23:46:02.461672 #4005]  INFO -- : 0:  rack (1.5.2) from /home/k2l/.rvm/gems/ruby-2.1.0/specifications/rack-1.5.2.gemspec
I, [2014-05-01T23:46:02.462583 #4005]  INFO -- : 0:  rack-test (0.6.2) from /home/k2l/.rvm/gems/ruby-2.1.0/specifications/rack-test-0.6.2.gemspec
I, [2014-05-01T23:46:02.463521 #4005]  INFO -- : 0:  actionpack (4.0.4) from /home/k2l/.rvm/gems/ruby-2.1.0/specifications/actionpack-4.0.4.gemspec
I, [2014-05-01T23:46:02.464162 #4005]  INFO -- : 0:  mime-types (1.25.1) from /home/k2l/.rvm/gems/ruby-2.1.0/specifications/mime-types-1.25.1.gemspec
I, [2014-05-01T23:46:02.464569 #4005]  INFO -- : 0:  polyglot (0.3.4) from /home/k2l/.rvm/gems/ruby-2.1.0/specifications/polyglot-0.3.4.gemspec
I, [2014-05-01T23:46:02.464902 #4005]  INFO -- : 0:  treetop (1.4.15) from /home/k2l/.rvm/gems/ruby-2.1.0/specifications/treetop-1.4.15.gemspec
I, [2014-05-01T23:46:02.465285 #4005]  INFO -- : 0:  mail (2.5.4) from /home/k2l/.rvm/gems/ruby-2.1.0/specifications/mail-2.5.4.gemspec
I, [2014-05-01T23:46:02.465625 #4005]  INFO -- : 0:  actionmailer (4.0.4) from /home/k2l/.rvm/gems/ruby-2.1.0/specifications/actionmailer-4.0.4.gemspec
I, [2014-05-01T23:46:02.466029 #4005]  INFO -- : 0:  activemodel (4.0.4) from /home/k2l/.rvm/gems/ruby-2.1.0/specifications/activemodel-4.0.4.gemspec
I, [2014-05-01T23:46:02.466401 #4005]  INFO -- : 0:  activerecord-deprecated_finders (1.0.3) from /home/k2l/.rvm/gems/ruby-2.1.0/specifications/activerecord-deprecated_finders-1.0.3.gemspec
I, [2014-05-01T23:46:02.466801 #4005]  INFO -- : 0:  arel (4.0.2) from /home/k2l/.rvm/gems/ruby-2.1.0/specifications/arel-4.0.2.gemspec
I, [2014-05-01T23:46:02.467178 #4005]  INFO -- : 0:  activerecord (4.0.4) from /home/k2l/.rvm/gems/ruby-2.1.0/specifications/activerecord-4.0.4.gemspec
I, [2014-05-01T23:46:02.467519 #4005]  INFO -- : 0:  addressable (2.3.6) from /home/k2l/.rvm/gems/ruby-2.1.0/specifications/addressable-2.3.6.gemspec
I, [2014-05-01T23:46:02.467982 #4005]  INFO -- : 0:  bson (1.10.0) from /home/k2l/.rvm/gems/ruby-2.1.0/specifications/bson-1.10.0.gemspec
I, [2014-05-01T23:46:02.468356 #4005]  INFO -- : 0:  bson_ext (1.10.0) from /home/k2l/.rvm/gems/ruby-2.1.0/specifications/bson_ext-1.10.0.gemspec
I, [2014-05-01T23:46:02.468748 #4005]  INFO -- : 0:  buftok (0.2.0) from /home/k2l/.rvm/gems/ruby-2.1.0/specifications/buftok-0.2.0.gemspec
I, [2014-05-01T23:46:02.469108 #4005]  INFO -- : 0:  columnize (0.3.6) from /home/k2l/.rvm/gems/ruby-2.1.0/specifications/columnize-0.3.6.gemspec
I, [2014-05-01T23:46:02.469490 #4005]  INFO -- : 0:  debugger-linecache (1.2.0) from /home/k2l/.rvm/gems/ruby-2.1.0/specifications/debugger-linecache-1.2.0.gemspec
I, [2014-05-01T23:46:02.469878 #4005]  INFO -- : 0:  byebug (2.7.0) from /home/k2l/.rvm/gems/ruby-2.1.0/specifications/byebug-2.7.0.gemspec
I, [2014-05-01T23:46:02.470283 #4005]  INFO -- : 0:  coffee-script-source (1.7.0) from /home/k2l/.rvm/gems/ruby-2.1.0/specifications/coffee-script-source-1.7.0.gemspec
I, [2014-05-01T23:46:02.470615 #4005]  INFO -- : 0:  execjs (2.0.2) from /home/k2l/.rvm/gems/ruby-2.1.0/specifications/execjs-2.0.2.gemspec
I, [2014-05-01T23:46:02.471020 #4005]  INFO -- : 0:  coffee-script (2.2.0) from /home/k2l/.rvm/gems/ruby-2.1.0/specifications/coffee-script-2.2.0.gemspec
I, [2014-05-01T23:46:02.471388 #4005]  INFO -- : 0:  thor (0.19.1) from /home/k2l/.rvm/gems/ruby-2.1.0/specifications/thor-0.19.1.gemspec
I, [2014-05-01T23:46:02.471738 #4005]  INFO -- : 0:  railties (4.0.4) from /home/k2l/.rvm/gems/ruby-2.1.0/specifications/railties-4.0.4.gemspec
I, [2014-05-01T23:46:02.472765 #4005]  INFO -- : 0:  coffee-rails (4.0.1) from /home/k2l/.rvm/gems/ruby-2.1.0/specifications/coffee-rails-4.0.1.gemspec
I, [2014-05-01T23:46:02.473644 #4005]  INFO -- : 0:  equalizer (0.0.9) from /home/k2l/.rvm/gems/ruby-2.1.0/specifications/equalizer-0.0.9.gemspec
I, [2014-05-01T23:46:02.474578 #4005]  INFO -- : 0:  multipart-post (2.0.0) from /home/k2l/.rvm/gems/ruby-2.1.0/specifications/multipart-post-2.0.0.gemspec
I, [2014-05-01T23:46:02.475504 #4005]  INFO -- : 0:  faraday (0.9.0) from /home/k2l/.rvm/gems/ruby-2.1.0/specifications/faraday-0.9.0.gemspec
I, [2014-05-01T23:46:02.476510 #4005]  INFO -- : 0:  hike (1.2.3) from /home/k2l/.rvm/gems/ruby-2.1.0/specifications/hike-1.2.3.gemspec
I, [2014-05-01T23:46:02.477419 #4005]  INFO -- : 0:  http_parser.rb (0.6.0) from /home/k2l/.rvm/gems/ruby-2.1.0/specifications/http_parser.rb-0.6.0.gemspec
I, [2014-05-01T23:46:02.478353 #4005]  INFO -- : 0:  http (0.5.0) from /home/k2l/.rvm/gems/ruby-2.1.0/specifications/http-0.5.0.gemspec
I, [2014-05-01T23:46:03.809122 #4005]  INFO -- : 0:  json (1.8.1) from /home/k2l/.rvm/gems/ruby-2.1.0/specifications/json-1.8.1.gemspec
I, [2014-05-01T23:46:03.809983 #4005]  INFO -- : 0:  multi_xml (0.5.5) from /home/k2l/.rvm/gems/ruby-2.1.0/specifications/multi_xml-0.5.5.gemspec
I, [2014-05-01T23:46:03.810847 #4005]  INFO -- : 0:  httparty (0.13.1) from /home/k2l/.rvm/gems/ruby-2.1.0/specifications/httparty-0.13.1.gemspec
I, [2014-05-01T23:46:03.812104 #4005]  INFO -- : 0:  jbuilder (1.5.3) from /home/k2l/.rvm/gems/ruby-2.1.0/specifications/jbuilder-1.5.3.gemspec
I, [2014-05-01T23:46:03.813346 #4005]  INFO -- : 0:  jquery-rails (3.1.0) from /home/k2l/.rvm/gems/ruby-2.1.0/specifications/jquery-rails-3.1.0.gemspec
I, [2014-05-01T23:46:03.814442 #4005]  INFO -- : 0:  libv8 (3.16.14.3) from /home/k2l/.rvm/gems/ruby-2.1.0/specifications/libv8-3.16.14.3.gemspec
I, [2014-05-01T23:46:03.815519 #4005]  INFO -- : 0:  memoizable (0.4.2) from /home/k2l/.rvm/gems/ruby-2.1.0/specifications/memoizable-0.4.2.gemspec
I, [2014-05-01T23:46:03.816928 #4005]  INFO -- : 0:  mongo (1.10.0) from /home/k2l/.rvm/gems/ruby-2.1.0/specifications/mongo-1.10.0.gemspec
I, [2014-05-01T23:46:03.817830 #4005]  INFO -- : 0:  plucky (0.6.6) from /home/k2l/.rvm/gems/ruby-2.1.0/specifications/plucky-0.6.6.gemspec
I, [2014-05-01T23:46:04.008155 #4005]  INFO -- : 0:  mongo_mapper (0.13.0.beta2) from /home/k2l/.rvm/gems/ruby-2.1.0/bundler/gems/mongomapper-9b87dee50780/mongo_mapper.gemspec
I, [2014-05-01T23:46:04.008688 #4005]  INFO -- : 0:  naught (1.0.0) from /home/k2l/.rvm/gems/ruby-2.1.0/specifications/naught-1.0.0.gemspec
I, [2014-05-01T23:46:04.009033 #4005]  INFO -- : 0:  bundler (1.5.0) from /home/k2l/.rvm/gems/ruby-2.1.0@global/specifications/bundler-1.5.0.gemspec
I, [2014-05-01T23:46:04.009431 #4005]  INFO -- : 0:  tilt (1.4.1) from /home/k2l/.rvm/gems/ruby-2.1.0/specifications/tilt-1.4.1.gemspec
I, [2014-05-01T23:46:04.009860 #4005]  INFO -- : 0:  sprockets (2.11.0) from /home/k2l/.rvm/gems/ruby-2.1.0/specifications/sprockets-2.11.0.gemspec
I, [2014-05-01T23:46:04.010221 #4005]  INFO -- : 0:  sprockets-rails (2.0.1) from /home/k2l/.rvm/gems/ruby-2.1.0/specifications/sprockets-rails-2.0.1.gemspec
I, [2014-05-01T23:46:04.010624 #4005]  INFO -- : 0:  rails (4.0.4) from /home/k2l/.rvm/gems/ruby-2.1.0/specifications/rails-4.0.4.gemspec
I, [2014-05-01T23:46:04.010977 #4005]  INFO -- : 0:  rbing (1.1.0) from /home/k2l/.rvm/gems/ruby-2.1.0/specifications/rbing-1.1.0.gemspec
I, [2014-05-01T23:46:04.011406 #4005]  INFO -- : 0:  rdoc (4.1.1) from /home/k2l/.rvm/gems/ruby-2.1.0/specifications/rdoc-4.1.1.gemspec
I, [2014-05-01T23:46:04.011781 #4005]  INFO -- : 0:  ref (1.0.5) from /home/k2l/.rvm/gems/ruby-2.1.0/specifications/ref-1.0.5.gemspec
I, [2014-05-01T23:46:04.012193 #4005]  INFO -- : 0:  sass (3.2.19) from /home/k2l/.rvm/gems/ruby-2.1.0/specifications/sass-3.2.19.gemspec
I, [2014-05-01T23:46:04.012583 #4005]  INFO -- : 0:  sass-rails (4.0.3) from /home/k2l/.rvm/gems/ruby-2.1.0/specifications/sass-rails-4.0.3.gemspec
I, [2014-05-01T23:46:04.012979 #4005]  INFO -- : 0:  sdoc (0.4.0) from /home/k2l/.rvm/gems/ruby-2.1.0/specifications/sdoc-0.4.0.gemspec
I, [2014-05-01T23:46:04.013355 #4005]  INFO -- : 0:  simple_oauth (0.2.0) from /home/k2l/.rvm/gems/ruby-2.1.0/specifications/simple_oauth-0.2.0.gemspec
I, [2014-05-01T23:46:04.013741 #4005]  INFO -- : 0:  therubyracer (0.12.1) from /home/k2l/.rvm/gems/ruby-2.1.0/specifications/therubyracer-0.12.1.gemspec
I, [2014-05-01T23:46:04.014170 #4005]  INFO -- : 0:  turbolinks (2.2.2) from /home/k2l/.rvm/gems/ruby-2.1.0/specifications/turbolinks-2.2.2.gemspec
I, [2014-05-01T23:46:04.014539 #4005]  INFO -- : 0:  twitter (5.8.0) from /home/k2l/.rvm/gems/ruby-2.1.0/specifications/twitter-5.8.0.gemspec
I, [2014-05-01T23:46:04.014930 #4005]  INFO -- : 0:  uglifier (2.5.0) from /home/k2l/.rvm/gems/ruby-2.1.0/specifications/uglifier-2.5.0.gemspec
I, [2014-05-02T00:06:16.476516 #4147]  INFO -- : 0:  rake (10.3.1) from /home/k2l/.rvm/gems/ruby-2.1.0/specifications/rake-10.3.1.gemspec
I, [2014-05-02T00:06:16.477130 #4147]  INFO -- : 0:  i18n (0.6.9) from /home/k2l/.rvm/gems/ruby-2.1.0/specifications/i18n-0.6.9.gemspec
I, [2014-05-02T00:06:16.608543 #4147]  INFO -- : 0:  minitest (4.7.5) from /home/k2l/.rvm/gems/ruby-2.1.0/specifications/minitest-4.7.5.gemspec
I, [2014-05-02T00:06:16.609209 #4147]  INFO -- : 0:  multi_json (1.9.3) from /home/k2l/.rvm/gems/ruby-2.1.0/specifications/multi_json-1.9.3.gemspec
I, [2014-05-02T00:06:16.609564 #4147]  INFO -- : 0:  thread_safe (0.3.3) from /home/k2l/.rvm/gems/ruby-2.1.0/specifications/thread_safe-0.3.3.gemspec
I, [2014-05-02T00:06:16.609943 #4147]  INFO -- : 0:  tzinfo (0.3.39) from /home/k2l/.rvm/gems/ruby-2.1.0/specifications/tzinfo-0.3.39.gemspec
I, [2014-05-02T00:06:16.610314 #4147]  INFO -- : 0:  activesupport (4.0.4) from /home/k2l/.rvm/gems/ruby-2.1.0/specifications/activesupport-4.0.4.gemspec
I, [2014-05-02T00:06:16.610660 #4147]  INFO -- : 0:  builder (3.1.4) from /home/k2l/.rvm/gems/ruby-2.1.0/specifications/builder-3.1.4.gemspec
I, [2014-05-02T00:06:16.611015 #4147]  INFO -- : 0:  erubis (2.7.0) from /home/k2l/.rvm/gems/ruby-2.1.0/specifications/erubis-2.7.0.gemspec
I, [2014-05-02T00:06:16.611352 #4147]  INFO -- : 0:  rack (1.5.2) from /home/k2l/.rvm/gems/ruby-2.1.0/specifications/rack-1.5.2.gemspec
I, [2014-05-02T00:06:16.611696 #4147]  INFO -- : 0:  rack-test (0.6.2) from /home/k2l/.rvm/gems/ruby-2.1.0/specifications/rack-test-0.6.2.gemspec
I, [2014-05-02T00:06:16.612085 #4147]  INFO -- : 0:  actionpack (4.0.4) from /home/k2l/.rvm/gems/ruby-2.1.0/specifications/actionpack-4.0.4.gemspec
I, [2014-05-02T00:06:16.612443 #4147]  INFO -- : 0:  mime-types (1.25.1) from /home/k2l/.rvm/gems/ruby-2.1.0/specifications/mime-types-1.25.1.gemspec
I, [2014-05-02T00:06:16.612803 #4147]  INFO -- : 0:  polyglot (0.3.4) from /home/k2l/.rvm/gems/ruby-2.1.0/specifications/polyglot-0.3.4.gemspec
I, [2014-05-02T00:06:16.613135 #4147]  INFO -- : 0:  treetop (1.4.15) from /home/k2l/.rvm/gems/ruby-2.1.0/specifications/treetop-1.4.15.gemspec
I, [2014-05-02T00:06:16.613469 #4147]  INFO -- : 0:  mail (2.5.4) from /home/k2l/.rvm/gems/ruby-2.1.0/specifications/mail-2.5.4.gemspec
I, [2014-05-02T00:06:16.613841 #4147]  INFO -- : 0:  actionmailer (4.0.4) from /home/k2l/.rvm/gems/ruby-2.1.0/specifications/actionmailer-4.0.4.gemspec
I, [2014-05-02T00:06:16.614184 #4147]  INFO -- : 0:  activemodel (4.0.4) from /home/k2l/.rvm/gems/ruby-2.1.0/specifications/activemodel-4.0.4.gemspec
I, [2014-05-02T00:06:16.614540 #4147]  INFO -- : 0:  activerecord-deprecated_finders (1.0.3) from /home/k2l/.rvm/gems/ruby-2.1.0/specifications/activerecord-deprecated_finders-1.0.3.gemspec
I, [2014-05-02T00:06:16.614883 #4147]  INFO -- : 0:  arel (4.0.2) from /home/k2l/.rvm/gems/ruby-2.1.0/specifications/arel-4.0.2.gemspec
I, [2014-05-02T00:06:16.615222 #4147]  INFO -- : 0:  activerecord (4.0.4) from /home/k2l/.rvm/gems/ruby-2.1.0/specifications/activerecord-4.0.4.gemspec
I, [2014-05-02T00:06:16.615584 #4147]  INFO -- : 0:  addressable (2.3.6) from /home/k2l/.rvm/gems/ruby-2.1.0/specifications/addressable-2.3.6.gemspec
I, [2014-05-02T00:06:16.615958 #4147]  INFO -- : 0:  bson (1.10.0) from /home/k2l/.rvm/gems/ruby-2.1.0/specifications/bson-1.10.0.gemspec
I, [2014-05-02T00:06:16.616319 #4147]  INFO -- : 0:  bson_ext (1.10.0) from /home/k2l/.rvm/gems/ruby-2.1.0/specifications/bson_ext-1.10.0.gemspec
I, [2014-05-02T00:06:16.616656 #4147]  INFO -- : 0:  buftok (0.2.0) from /home/k2l/.rvm/gems/ruby-2.1.0/specifications/buftok-0.2.0.gemspec
I, [2014-05-02T00:06:16.616984 #4147]  INFO -- : 0:  bundler (1.5.0) from /home/k2l/.rvm/gems/ruby-2.1.0@global/specifications/bundler-1.5.0.gemspec
I, [2014-05-02T00:06:16.617337 #4147]  INFO -- : 0:  columnize (0.3.6) from /home/k2l/.rvm/gems/ruby-2.1.0/specifications/columnize-0.3.6.gemspec
I, [2014-05-02T00:06:16.617674 #4147]  INFO -- : 0:  debugger-linecache (1.2.0) from /home/k2l/.rvm/gems/ruby-2.1.0/specifications/debugger-linecache-1.2.0.gemspec
I, [2014-05-02T00:06:16.618035 #4147]  INFO -- : 0:  byebug (2.7.0) from /home/k2l/.rvm/gems/ruby-2.1.0/specifications/byebug-2.7.0.gemspec
I, [2014-05-02T00:06:16.618404 #4147]  INFO -- : 0:  coffee-script-source (1.7.0) from /home/k2l/.rvm/gems/ruby-2.1.0/specifications/coffee-script-source-1.7.0.gemspec
I, [2014-05-02T00:06:16.618744 #4147]  INFO -- : 0:  execjs (2.0.2) from /home/k2l/.rvm/gems/ruby-2.1.0/specifications/execjs-2.0.2.gemspec
I, [2014-05-02T00:06:16.619094 #4147]  INFO -- : 0:  coffee-script (2.2.0) from /home/k2l/.rvm/gems/ruby-2.1.0/specifications/coffee-script-2.2.0.gemspec
I, [2014-05-02T00:06:16.619438 #4147]  INFO -- : 0:  thor (0.19.1) from /home/k2l/.rvm/gems/ruby-2.1.0/specifications/thor-0.19.1.gemspec
I, [2014-05-02T00:06:16.619866 #4147]  INFO -- : 0:  railties (4.0.4) from /home/k2l/.rvm/gems/ruby-2.1.0/specifications/railties-4.0.4.gemspec
I, [2014-05-02T00:06:16.620264 #4147]  INFO -- : 0:  coffee-rails (4.0.1) from /home/k2l/.rvm/gems/ruby-2.1.0/specifications/coffee-rails-4.0.1.gemspec
I, [2014-05-02T00:06:16.620680 #4147]  INFO -- : 0:  equalizer (0.0.9) from /home/k2l/.rvm/gems/ruby-2.1.0/specifications/equalizer-0.0.9.gemspec
I, [2014-05-02T00:06:16.621067 #4147]  INFO -- : 0:  multipart-post (2.0.0) from /home/k2l/.rvm/gems/ruby-2.1.0/specifications/multipart-post-2.0.0.gemspec
I, [2014-05-02T00:06:16.621444 #4147]  INFO -- : 0:  faraday (0.9.0) from /home/k2l/.rvm/gems/ruby-2.1.0/specifications/faraday-0.9.0.gemspec
I, [2014-05-02T00:06:16.621848 #4147]  INFO -- : 0:  hike (1.2.3) from /home/k2l/.rvm/gems/ruby-2.1.0/specifications/hike-1.2.3.gemspec
I, [2014-05-02T00:06:16.622243 #4147]  INFO -- : 0:  http_parser.rb (0.6.0) from /home/k2l/.rvm/gems/ruby-2.1.0/specifications/http_parser.rb-0.6.0.gemspec
I, [2014-05-02T00:06:16.622629 #4147]  INFO -- : 0:  http (0.5.0) from /home/k2l/.rvm/gems/ruby-2.1.0/specifications/http-0.5.0.gemspec
I, [2014-05-02T00:06:16.623008 #4147]  INFO -- : 0:  jbuilder (1.5.3) from /home/k2l/.rvm/gems/ruby-2.1.0/specifications/jbuilder-1.5.3.gemspec
I, [2014-05-02T00:06:16.623393 #4147]  INFO -- : 0:  jquery-rails (3.1.0) from /home/k2l/.rvm/gems/ruby-2.1.0/specifications/jquery-rails-3.1.0.gemspec
I, [2014-05-02T00:06:17.950918 #4147]  INFO -- : 0:  json (1.8.1) from /home/k2l/.rvm/gems/ruby-2.1.0/specifications/json-1.8.1.gemspec
I, [2014-05-02T00:06:17.951655 #4147]  INFO -- : 0:  libv8 (3.16.14.3) from /home/k2l/.rvm/gems/ruby-2.1.0/specifications/libv8-3.16.14.3.gemspec
I, [2014-05-02T00:06:17.952042 #4147]  INFO -- : 0:  memoizable (0.4.2) from /home/k2l/.rvm/gems/ruby-2.1.0/specifications/memoizable-0.4.2.gemspec
I, [2014-05-02T00:06:17.952454 #4147]  INFO -- : 0:  mongo (1.10.0) from /home/k2l/.rvm/gems/ruby-2.1.0/specifications/mongo-1.10.0.gemspec
I, [2014-05-02T00:06:17.952816 #4147]  INFO -- : 0:  plucky (0.6.6) from /home/k2l/.rvm/gems/ruby-2.1.0/specifications/plucky-0.6.6.gemspec
I, [2014-05-02T00:06:18.145164 #4147]  INFO -- : 0:  mongo_mapper (0.13.0.beta2) from /home/k2l/.rvm/gems/ruby-2.1.0/bundler/gems/mongomapper-9b87dee50780/mongo_mapper.gemspec
I, [2014-05-02T00:06:18.145669 #4147]  INFO -- : 0:  naught (1.0.0) from /home/k2l/.rvm/gems/ruby-2.1.0/specifications/naught-1.0.0.gemspec
I, [2014-05-02T00:06:18.146124 #4147]  INFO -- : 0:  tilt (1.4.1) from /home/k2l/.rvm/gems/ruby-2.1.0/specifications/tilt-1.4.1.gemspec
I, [2014-05-02T00:06:18.146494 #4147]  INFO -- : 0:  sprockets (2.11.0) from /home/k2l/.rvm/gems/ruby-2.1.0/specifications/sprockets-2.11.0.gemspec
I, [2014-05-02T00:06:18.146948 #4147]  INFO -- : 0:  sprockets-rails (2.0.1) from /home/k2l/.rvm/gems/ruby-2.1.0/specifications/sprockets-rails-2.0.1.gemspec
I, [2014-05-02T00:06:18.147304 #4147]  INFO -- : 0:  rails (4.0.4) from /home/k2l/.rvm/gems/ruby-2.1.0/specifications/rails-4.0.4.gemspec
I, [2014-05-02T00:06:18.147779 #4147]  INFO -- : 0:  rdoc (4.1.1) from /home/k2l/.rvm/gems/ruby-2.1.0/specifications/rdoc-4.1.1.gemspec
I, [2014-05-02T00:06:18.148134 #4147]  INFO -- : 0:  ref (1.0.5) from /home/k2l/.rvm/gems/ruby-2.1.0/specifications/ref-1.0.5.gemspec
I, [2014-05-02T00:06:18.148488 #4147]  INFO -- : 0:  sass (3.2.19) from /home/k2l/.rvm/gems/ruby-2.1.0/specifications/sass-3.2.19.gemspec
I, [2014-05-02T00:06:18.148952 #4147]  INFO -- : 0:  sass-rails (4.0.3) from /home/k2l/.rvm/gems/ruby-2.1.0/specifications/sass-rails-4.0.3.gemspec
I, [2014-05-02T00:06:18.149306 #4147]  INFO -- : 0:  sdoc (0.4.0) from /home/k2l/.rvm/gems/ruby-2.1.0/specifications/sdoc-0.4.0.gemspec
I, [2014-05-02T00:06:18.149759 #4147]  INFO -- : 0:  searchbing (0.2.4) from /home/k2l/.rvm/gems/ruby-2.1.0/specifications/searchbing-0.2.4.gemspec
I, [2014-05-02T00:06:18.150119 #4147]  INFO -- : 0:  simple_oauth (0.2.0) from /home/k2l/.rvm/gems/ruby-2.1.0/specifications/simple_oauth-0.2.0.gemspec
I, [2014-05-02T00:06:18.150573 #4147]  INFO -- : 0:  therubyracer (0.12.1) from /home/k2l/.rvm/gems/ruby-2.1.0/specifications/therubyracer-0.12.1.gemspec
I, [2014-05-02T00:06:18.150933 #4147]  INFO -- : 0:  turbolinks (2.2.2) from /home/k2l/.rvm/gems/ruby-2.1.0/specifications/turbolinks-2.2.2.gemspec
I, [2014-05-02T00:06:18.151464 #4147]  INFO -- : 0:  twitter (5.8.0) from /home/k2l/.rvm/gems/ruby-2.1.0/specifications/twitter-5.8.0.gemspec
I, [2014-05-02T00:06:18.151843 #4147]  INFO -- : 0:  uglifier (2.5.0) from /home/k2l/.rvm/gems/ruby-2.1.0/specifications/uglifier-2.5.0.gemspec
